<?xml version="1.0" encoding="UTF-8"?>
<!-- Generated by org.testng.reporters.JUnitReportReporter -->
<testsuite hostname="DESKTOP-FC7EURR" failures="0" tests="1" name="com.selenium2.test2.googledemotest" time="12.075" errors="0" timestamp="17 Sep 2021 17:51:00 GMT" skipped="0">
  <testcase classname="com.selenium2.test2.googledemotest" name="testJbkTitle" time="12.075"/>
</testsuite> <!-- com.selenium2.test2.googledemotest -->
